<?xml version="1.0" encoding="UTF-8"?><testrun name="Rerun campaignfiles.allothersTest" project="campaign" tests="3" started="3" failures="0" errors="1" ignored="0">
  <testsuite name="campaignfiles.allothersTest" time="0.002">
    <testcase name="popArrListTest" classname="campaignfiles.allothersTest" time="0.0"/>
    <testcase name="ReadCSVfilesTests" classname="campaignfiles.allothersTest" time="0.002">
      <error>java.lang.IndexOutOfBoundsException: Index 3 out of bounds for length 3&#13;
	at java.base/jdk.internal.util.Preconditions.outOfBounds(Preconditions.java:64)&#13;
	at java.base/jdk.internal.util.Preconditions.outOfBoundsCheckIndex(Preconditions.java:70)&#13;
	at java.base/jdk.internal.util.Preconditions.checkIndex(Preconditions.java:266)&#13;
	at java.base/java.util.Objects.checkIndex(Objects.java:359)&#13;
	at java.base/java.util.ArrayList.get(ArrayList.java:427)&#13;
	at campaign/campaignfiles.allothersTest.ReadCSVfilesTests(allothersTest.java:47)&#13;
	at java.base/jdk.internal.reflect.NativeMethodAccessorImpl.invoke0(Native Method)&#13;
	at java.base/jdk.internal.reflect.NativeMethodAccessorImpl.invoke(NativeMethodAccessorImpl.java:77)&#13;
	at java.base/jdk.internal.reflect.DelegatingMethodAccessorImpl.invoke(DelegatingMethodAccessorImpl.java:43)&#13;
	at java.base/java.lang.reflect.Method.invoke(Method.java:568)&#13;
	at junit@1956/org.junit.runners.model.FrameworkMethod$1.runReflectiveCall(FrameworkMethod.java:59)&#13;
	at junit@1956/org.junit.internal.runners.model.ReflectiveCallable.run(ReflectiveCallable.java:12)&#13;
	at junit@1956/org.junit.runners.model.FrameworkMethod.invokeExplosively(FrameworkMethod.java:56)&#13;
	at junit@1956/org.junit.internal.runners.statements.InvokeMethod.evaluate(InvokeMethod.java:17)&#13;
	at junit@1956/org.junit.runners.ParentRunner$3.evaluate(ParentRunner.java:306)&#13;
	at junit@1956/org.junit.runners.BlockJUnit4ClassRunner$1.evaluate(BlockJUnit4ClassRunner.java:100)&#13;
	at junit@1956/org.junit.runners.ParentRunner.runLeaf(ParentRunner.java:366)&#13;
	at junit@1956/org.junit.runners.BlockJUnit4ClassRunner.runChild(BlockJUnit4ClassRunner.java:103)&#13;
	at junit@1956/org.junit.runners.BlockJUnit4ClassRunner.runChild(BlockJUnit4ClassRunner.java:63)&#13;
	at junit@1956/org.junit.runners.ParentRunner$4.run(ParentRunner.java:331)&#13;
	at junit@1956/org.junit.runners.ParentRunner$1.schedule(ParentRunner.java:79)&#13;
	at junit@1956/org.junit.runners.ParentRunner.runChildren(ParentRunner.java:329)&#13;
	at junit@1956/org.junit.runners.ParentRunner.access$100(ParentRunner.java:66)&#13;
	at junit@1956/org.junit.runners.ParentRunner$2.evaluate(ParentRunner.java:293)&#13;
	at junit@1956/org.junit.runners.ParentRunner$3.evaluate(ParentRunner.java:306)&#13;
	at junit@1956/org.junit.runners.ParentRunner.run(ParentRunner.java:413)&#13;
	at org.eclipse.jdt.internal.junit4.runner.JUnit4TestReference.run(JUnit4TestReference.java:93)&#13;
	at org.eclipse.jdt.internal.junit.runner.TestExecution.run(TestExecution.java:40)&#13;
	at org.eclipse.jdt.internal.junit.runner.RemoteTestRunner.runTests(RemoteTestRunner.java:529)&#13;
	at org.eclipse.jdt.internal.junit.runner.RemoteTestRunner.runTests(RemoteTestRunner.java:756)&#13;
	at org.eclipse.jdt.internal.junit.runner.RemoteTestRunner.run(RemoteTestRunner.java:452)&#13;
	at org.eclipse.jdt.internal.junit.runner.RemoteTestRunner.main(RemoteTestRunner.java:210)&#13;
&#13;
</error>
    </testcase>
    <testcase name="checkCSVfileTest" classname="campaignfiles.allothersTest" time="0.0"/>
  </testsuite>
</testrun>
